<?xml version="1.0" encoding="UTF-8"?>
<!-- Generated by org.testng.reporters.JUnitXMLReporter -->
<testsuite ignored="5" hostname="VISHNU" failures="0" tests="1" name="Default test" time="2.026" errors="0" timestamp="24 Oct 2024 09:15:16 GMT">
  <testcase classname="com.omr.ProjectFlight" name="listFlight" time="2.01"/>
  <testcase classname="com.omr.ProjectFlight" name="deleteFlight" time="0.0">
    <ignored/>
  </testcase> <!-- deleteFlight -->
  <testcase classname="com.omr.ProjectFlight" name="updatyeFlight1" time="0.0">
    <ignored/>
  </testcase> <!-- updatyeFlight1 -->
  <testcase classname="com.omr.ProjectFlight" name="getSingleFlight" time="0.0">
    <ignored/>
  </testcase> <!-- getSingleFlight -->
  <testcase classname="com.omr.ProjectFlight" name="updateFlight" time="0.0">
    <ignored/>
  </testcase> <!-- updateFlight -->
  <testcase classname="com.omr.ProjectFlight" name="postCreateFlight" time="0.0">
    <ignored/>
  </testcase> <!-- postCreateFlight -->
</testsuite> <!-- Default test -->
