<?xml version="1.0" encoding="UTF-8"?>
<testng-results ignored="5" total="6" passed="1" failed="0" skipped="0">
  <reporter-output>
  </reporter-output>
  <suite started-at="2024-10-24T09:15:14Z" name="Default suite" finished-at="2024-10-24T09:15:16Z" duration-ms="2026">
    <groups>
    </groups>
    <test started-at="2024-10-24T09:15:14Z" name="Default test" finished-at="2024-10-24T09:15:16Z" duration-ms="2026">
      <class name="com.omr.ProjectFlight">
        <test-method signature="listFlight()[pri:6, instance:com.omr.ProjectFlight@7b205dbd]" started-at="2024-10-24T09:15:14Z" name="listFlight" finished-at="2024-10-24T09:15:16Z" duration-ms="2010" status="PASS">
          <reporter-output>
          </reporter-output>
        </test-method> <!-- listFlight -->
      </class> <!-- com.omr.ProjectFlight -->
    </test> <!-- Default test -->
  </suite> <!-- Default suite -->
</testng-results>
